[INFO  - 2020-01-03T02:52:10.442Z] GhostDriver - Main - running on port 55293
[INFO  - 2020-01-03T02:52:14.907Z] Session [0c302560-2dd4-11ea-a514-01f7e0e89482] - page.settings - {"XSSAuditingEnabled":false,"javascriptCanCloseWindows":true,"javascriptCanOpenWindows":true,"javascriptEnabled":true,"loadImages":true,"localToRemoteUrlAccessEnabled":false,"userAgent":"Mozilla/5.0 (Windows NT 6.2; WOW64) AppleWebKit/538.1 (KHTML, like Gecko) PhantomJS/2.1.1 Safari/538.1","webSecurityEnabled":true}
[INFO  - 2020-01-03T02:52:14.907Z] Session [0c302560-2dd4-11ea-a514-01f7e0e89482] - page.customHeaders:  - {}
[INFO  - 2020-01-03T02:52:14.907Z] Session [0c302560-2dd4-11ea-a514-01f7e0e89482] - Session.negotiatedCapabilities - {"browserName":"phantomjs","version":"2.1.1","driverName":"ghostdriver","driverVersion":"1.2.0","platform":"windows-10-32bit","javascriptEnabled":true,"takesScreenshot":true,"handlesAlerts":false,"databaseEnabled":false,"locationContextEnabled":false,"applicationCacheEnabled":false,"browserConnectionEnabled":false,"cssSelectorsEnabled":true,"webStorageEnabled":false,"rotatable":false,"acceptSslCerts":false,"nativeEvents":true,"proxy":{"proxyType":"direct"}}
[INFO  - 2020-01-03T02:52:14.907Z] SessionManagerReqHand - _postNewSessionCommand - New Session Created: 0c302560-2dd4-11ea-a514-01f7e0e89482
[ERROR - 2020-01-03T02:52:15.606Z] Session [0c302560-2dd4-11ea-a514-01f7e0e89482] - page.onError - msg: TypeError: null is not an object (evaluating 'da_ua.match(/Version\/([0-9\.]+)/i)[1]')

  phantomjs://platform/console++.js:263 in error
[ERROR - 2020-01-03T02:52:15.607Z] Session [0c302560-2dd4-11ea-a514-01f7e0e89482] - page.onError - stack:
  searchBrowserVersion (https://ssl.pstatic.net/tveta/libs/assets/js/pc/main/min/pc.veta.core.min.js?20180423:1)
  init (https://ssl.pstatic.net/tveta/libs/assets/js/pc/main/min/pc.veta.core.min.js?20180423:1)

  phantomjs://platform/console++.js:263 in error
[ERROR - 2020-01-03T02:52:15.645Z] Session [0c302560-2dd4-11ea-a514-01f7e0e89482] - page.onError - msg: TypeError: undefined is not a constructor (evaluating 'new Nimp')

  phantomjs://platform/console++.js:263 in error
[ERROR - 2020-01-03T02:52:15.645Z] Session [0c302560-2dd4-11ea-a514-01f7e0e89482] - page.onError - stack:
  lazyLoading (https://nv.veta.naver.com/fxshow?su=SU10079&nrefreshx=0:36)
  onload (https://nv.veta.naver.com/fxshow?su=SU10079&nrefreshx=0:20)

  phantomjs://platform/console++.js:263 in error
[ERROR - 2020-01-03T02:52:15.648Z] Session [0c302560-2dd4-11ea-a514-01f7e0e89482] - page.onError - msg: TypeError: null is not an object (evaluating 'da_ua.match(/Version\/([0-9\.]+)/i)[1]')

  phantomjs://platform/console++.js:263 in error
[ERROR - 2020-01-03T02:52:15.648Z] Session [0c302560-2dd4-11ea-a514-01f7e0e89482] - page.onError - stack:
  searchBrowserVersion (https://ssl.pstatic.net/tveta/libs/assets/js/pc/main/min/pc.veta.core.min.js?20170222:1)
  init (https://ssl.pstatic.net/tveta/libs/assets/js/pc/main/min/pc.veta.core.min.js?20170222:1)

  phantomjs://platform/console++.js:263 in error
[ERROR - 2020-01-03T02:52:15.654Z] Session [0c302560-2dd4-11ea-a514-01f7e0e89482] - page.onError - msg: TypeError: null is not an object (evaluating 'da_ua.match(/Version\/([0-9\.]+)/i)[1]')

  phantomjs://platform/console++.js:263 in error
[ERROR - 2020-01-03T02:52:15.654Z] Session [0c302560-2dd4-11ea-a514-01f7e0e89482] - page.onError - stack:
  searchBrowserVersion (https://ssl.pstatic.net/tveta/libs/assets/js/pc/main/min/pc.veta.core.min.js?20170807:1)
  init (https://ssl.pstatic.net/tveta/libs/assets/js/pc/main/min/pc.veta.core.min.js?20170807:1)

  phantomjs://platform/console++.js:263 in error
[ERROR - 2020-01-03T02:52:15.656Z] Session [0c302560-2dd4-11ea-a514-01f7e0e89482] - page.onError - msg: TypeError: undefined is not a constructor (evaluating 'naver_corp_da.loadScript')

  phantomjs://platform/console++.js:263 in error
[ERROR - 2020-01-03T02:52:15.656Z] Session [0c302560-2dd4-11ea-a514-01f7e0e89482] - page.onError - stack:
  loadScripts (https://nv.veta.naver.com/fxshow?su=SU10078&nrefreshx=0:46)
  lazyLoading (https://nv.veta.naver.com/fxshow?su=SU10078&nrefreshx=0:29)
  onload (https://nv.veta.naver.com/fxshow?su=SU10078&nrefreshx=0:18)

  phantomjs://platform/console++.js:263 in error
[ERROR - 2020-01-03T02:52:15.985Z] Session [0c302560-2dd4-11ea-a514-01f7e0e89482] - page.onError - msg: TypeError: null is not an object (evaluating 'da_ua.match(/Version\/([0-9\.]+)/i)[1]')

  phantomjs://platform/console++.js:263 in error
[ERROR - 2020-01-03T02:52:15.985Z] Session [0c302560-2dd4-11ea-a514-01f7e0e89482] - page.onError - stack:
  searchBrowserVersion (https://ssl.pstatic.net/tveta/libs/assets/js/pc/main/min/pc.veta.core.min.js?20180330:1)
  init (https://ssl.pstatic.net/tveta/libs/assets/js/pc/main/min/pc.veta.core.min.js?20180330:1)

  phantomjs://platform/console++.js:263 in error
